TN:
SF:src/modules/appointments/services/CreateAppointmentService.ts
FN:17,(anonymous_18)
FN:18,CreateAppointmentService
FN:23,(anonymous_20)
FNF:3
FNH:3
FNDA:1,(anonymous_18)
FNDA:2,CreateAppointmentService
FNDA:3,(anonymous_20)
DA:1,1
DA:3,1
DA:4,1
DA:6,1
DA:17,1
DA:20,2
DA:23,3
DA:24,3
DA:26,3
DA:30,3
DA:31,1
DA:34,2
DA:39,2
DA:41,1
DA:43,1
LF:15
LH:15
BRDA:30,0,0,1
BRDA:30,0,1,2
BRF:2
BRH:2
end_of_record
TN:
SF:src/modules/appointments/services/ListProviderDayAvailabilityService.ts
FN:21,(anonymous_17)
FN:22,ListProviderDayAvailability
FN:27,(anonymous_19)
FN:46,(anonymous_22)
FN:51,(anonymous_23)
FN:53,(anonymous_24)
FNF:6
FNH:6
FNDA:1,(anonymous_17)
FNDA:1,ListProviderDayAvailability
FNDA:1,(anonymous_19)
FNDA:10,(anonymous_22)
FNDA:10,(anonymous_23)
FNDA:19,(anonymous_24)
DA:1,1
DA:3,1
DA:4,1
DA:21,1
DA:24,1
DA:27,1
DA:28,1
DA:29,1
DA:30,1
DA:31,1
DA:33,1
DA:42,1
DA:44,1
DA:46,10
DA:49,1
DA:51,1
DA:52,10
DA:53,19
DA:56,10
DA:58,10
DA:64,1
DA:66,1
DA:68,1
LF:23
LH:23
BRDA:33,0,0,1
BRDA:60,1,0,10
BRDA:60,1,1,8
BRF:3
BRH:3
end_of_record
TN:
SF:src/modules/appointments/services/ListProviderMonthAvailabilityService.ts
FN:20,(anonymous_17)
FN:21,ListProviderMonthAvailabilityService
FN:26,(anonymous_19)
FN:37,(anonymous_22)
FN:40,(anonymous_23)
FN:41,(anonymous_24)
FNF:6
FNH:6
FNDA:1,(anonymous_17)
FNDA:1,ListProviderMonthAvailabilityService
FNDA:1,(anonymous_19)
FNDA:31,(anonymous_22)
FNDA:31,(anonymous_23)
FNDA:341,(anonymous_24)
DA:1,1
DA:3,1
DA:5,1
DA:20,1
DA:23,1
DA:26,1
DA:27,1
DA:31,1
DA:33,1
DA:37,31
DA:40,1
DA:41,31
DA:42,341
DA:45,31
DA:51,1
DA:53,1
DA:55,1
LF:17
LH:17
BRDA:27,0,0,1
BRF:1
BRH:1
end_of_record
TN:
SF:src/modules/appointments/services/ListProvidersService.ts
FN:12,(anonymous_17)
FN:13,ListProvidersService
FN:18,(anonymous_19)
FNF:3
FNH:3
FNDA:1,(anonymous_17)
FNDA:1,ListProvidersService
FNDA:1,(anonymous_19)
DA:1,1
DA:12,1
DA:15,1
DA:18,1
DA:19,1
DA:23,1
DA:25,1
DA:27,1
LF:8
LH:8
BRDA:19,0,0,1
BRF:1
BRH:1
end_of_record
TN:
SF:src/modules/users/services/AuthenticateUserService.ts
FN:23,(anonymous_18)
FN:24,AuthenticateUserService
FN:32,(anonymous_20)
FNF:3
FNH:3
FNDA:1,(anonymous_18)
FNDA:3,AuthenticateUserService
FNDA:3,(anonymous_20)
DA:1,1
DA:2,1
DA:4,1
DA:5,1
DA:23,1
DA:26,3
DA:29,3
DA:32,3
DA:33,3
DA:35,3
DA:36,1
DA:39,2
DA:44,2
DA:45,1
DA:48,1
DA:50,1
DA:55,1
DA:57,1
DA:59,1
LF:19
LH:19
BRDA:33,0,0,3
BRDA:35,1,0,1
BRDA:35,1,1,2
BRDA:44,2,0,1
BRDA:44,2,1,1
BRF:5
BRH:5
end_of_record
TN:
SF:src/modules/users/services/CreateUserService.ts
FN:17,(anonymous_18)
FN:18,CreateUserService
FN:26,(anonymous_20)
FNF:3
FNH:3
FNDA:2,(anonymous_18)
FNDA:5,CreateUserService
FNDA:5,(anonymous_20)
DA:1,2
DA:3,2
DA:5,2
DA:17,2
DA:20,5
DA:23,5
DA:26,5
DA:27,5
DA:29,5
DA:30,1
DA:33,4
DA:35,4
DA:41,4
DA:43,2
DA:45,2
LF:15
LH:15
BRDA:27,0,0,5
BRDA:29,1,0,1
BRDA:29,1,1,4
BRF:3
BRH:3
end_of_record
TN:
SF:src/modules/users/services/ResetPasswordService.ts
FN:17,(anonymous_18)
FN:18,ResetPasswordService
FN:29,(anonymous_20)
FNF:3
FNH:3
FNDA:1,(anonymous_18)
FNDA:4,ResetPasswordService
FNDA:4,(anonymous_20)
DA:1,1
DA:2,1
DA:6,1
DA:17,1
DA:20,4
DA:23,4
DA:26,4
DA:29,4
DA:30,4
DA:32,4
DA:33,1
DA:36,3
DA:38,3
DA:39,1
DA:42,2
DA:44,2
DA:46,2
DA:47,1
DA:50,1
DA:52,2
DA:54,1
DA:56,1
LF:22
LH:22
BRDA:30,0,0,4
BRDA:32,1,0,1
BRDA:32,1,1,3
BRDA:38,2,0,1
BRDA:38,2,1,2
BRDA:46,3,0,1
BRDA:46,3,1,1
BRF:7
BRH:7
end_of_record
TN:
SF:src/modules/users/services/SendForgotPasswordEmailService.ts
FN:15,(anonymous_18)
FN:16,SendForgotPasswordEmailService
FN:27,(anonymous_20)
FNF:3
FNH:3
FNDA:1,(anonymous_18)
FNDA:3,SendForgotPasswordEmailService
FNDA:3,(anonymous_20)
DA:1,1
DA:2,1
DA:4,1
DA:15,1
DA:18,3
DA:21,3
DA:24,3
DA:27,3
DA:28,3
DA:30,3
DA:31,1
DA:34,2
DA:36,2
DA:43,4
DA:58,1
DA:60,1
LF:16
LH:16
BRDA:28,0,0,3
BRDA:30,1,0,1
BRDA:30,1,1,2
BRF:3
BRH:3
end_of_record
TN:
SF:src/modules/users/services/ShowProfileService.ts
FN:14,(anonymous_18)
FN:15,ShowProfileService
FN:20,(anonymous_20)
FNF:3
FNH:3
FNDA:1,(anonymous_18)
FNDA:2,ShowProfileService
FNDA:2,(anonymous_20)
DA:1,1
DA:3,1
DA:14,1
DA:17,2
DA:20,2
DA:21,2
DA:23,2
DA:24,1
DA:27,1
DA:29,1
DA:31,1
LF:11
LH:11
BRDA:21,0,0,2
BRDA:23,1,0,1
BRDA:23,1,1,1
BRF:3
BRH:3
end_of_record
TN:
SF:src/modules/users/services/UpdateProfileService.ts
FN:19,(anonymous_18)
FN:20,UpdateProfileService
FN:28,(anonymous_20)
FNF:3
FNH:3
FNDA:1,(anonymous_18)
FNDA:6,UpdateProfileService
FNDA:6,(anonymous_20)
DA:1,1
DA:3,1
DA:19,1
DA:22,6
DA:25,6
DA:28,1
DA:29,6
DA:30,6
DA:31,6
DA:32,6
DA:33,6
DA:35,6
DA:37,6
DA:38,1
DA:41,5
DA:43,5
DA:44,1
DA:47,4
DA:52,4
DA:53,1
DA:58,4
DA:59,2
DA:64,2
DA:65,1
DA:68,1
DA:71,2
DA:73,1
DA:75,1
LF:28
LH:28
BRDA:35,0,0,6
BRDA:35,0,1,2
BRDA:37,1,0,1
BRDA:37,1,1,5
BRDA:43,2,0,1
BRDA:43,2,1,4
BRDA:43,3,0,5
BRDA:43,3,1,4
BRDA:52,4,0,1
BRDA:52,4,1,3
BRDA:52,5,0,4
BRDA:52,5,1,3
BRDA:58,6,0,1
BRDA:58,6,1,2
BRDA:58,7,0,3
BRDA:58,7,1,2
BRDA:64,8,0,1
BRDA:64,8,1,1
BRF:18
BRH:18
end_of_record
TN:
SF:src/modules/users/services/UpdateUserAvatarService.ts
FN:16,(anonymous_18)
FN:17,UpdateUserAvatarService
FN:25,(anonymous_20)
FNF:3
FNH:3
FNDA:1,(anonymous_18)
FNDA:3,UpdateUserAvatarService
FNDA:4,(anonymous_20)
DA:1,1
DA:3,1
DA:16,1
DA:19,3
DA:22,3
DA:25,4
DA:26,4
DA:28,4
DA:29,1
DA:32,5
DA:33,2
DA:36,3
DA:38,3
DA:40,6
DA:42,3
DA:44,1
DA:46,1
LF:17
LH:17
BRDA:26,0,0,4
BRDA:26,0,1,3
BRDA:28,1,0,1
BRDA:28,1,1,3
BRDA:32,2,0,2
BRDA:32,2,1,1
BRF:6
BRH:6
end_of_record
